<?xml version="1.0" encoding="UTF-8"?>
<testsuite name="DAT250.exercises.PollControllerTest" tests="3" skipped="0" failures="0" errors="0" timestamp="2025-09-22T20:06:38.446Z" hostname="DESKTOP-VMCCLI4" time="0.715">
  <properties/>
  <testcase name="testUpdatePoll()" classname="DAT250.exercises.PollControllerTest" time="0.561"/>
  <testcase name="testGetPoll()" classname="DAT250.exercises.PollControllerTest" time="0.047"/>
  <testcase name="testDeletePoll()" classname="DAT250.exercises.PollControllerTest" time="0.103"/>
  <system-out><![CDATA[2025-09-22T22:06:37.161+02:00  INFO 15340 --- [exercises] [    Test worker] t.c.s.AnnotationConfigContextLoaderUtils : Could not detect default configuration classes for test class [DAT250.exercises.PollControllerTest]: PollControllerTest does not declare any static, non-private, non-final, nested classes annotated with @Configuration.
2025-09-22T22:06:37.166+02:00  INFO 15340 --- [exercises] [    Test worker] .b.t.c.SpringBootTestContextBootstrapper : Found @SpringBootConfiguration DAT250.exercises.ExercisesApplication for test class DAT250.exercises.PollControllerTest

  .   ____          _            __ _ _
 /\\ / ___'_ __ _ _(_)_ __  __ _ \ \ \ \
( ( )\___ | '_ | '_| | '_ \/ _` | \ \ \ \
 \\/  ___)| |_)| | | | | || (_| |  ) ) ) )
  '  |____| .__|_| |_|_| |_\__, | / / / /
 =========|_|==============|___/=/_/_/_/

 :: Spring Boot ::                (v3.5.5)

2025-09-22T22:06:37.224+02:00  INFO 15340 --- [exercises] [    Test worker] DAT250.exercises.PollControllerTest      : Starting PollControllerTest using Java 21.0.7 with PID 15340 (started by GQ in C:\Users\GQ\Documents\HVL\DAT250\exercise4)
2025-09-22T22:06:37.225+02:00  INFO 15340 --- [exercises] [    Test worker] DAT250.exercises.PollControllerTest      : No active profile set, falling back to 1 default profile: "default"
2025-09-22T22:06:37.801+02:00  INFO 15340 --- [exercises] [    Test worker] o.s.b.w.embedded.tomcat.TomcatWebServer  : Tomcat initialized with port 0 (http)
2025-09-22T22:06:37.826+02:00  INFO 15340 --- [exercises] [    Test worker] o.apache.catalina.core.StandardService   : Starting service [Tomcat]
2025-09-22T22:06:37.827+02:00  INFO 15340 --- [exercises] [    Test worker] o.apache.catalina.core.StandardEngine    : Starting Servlet engine: [Apache Tomcat/10.1.44]
2025-09-22T22:06:37.935+02:00  INFO 15340 --- [exercises] [    Test worker] o.a.c.c.C.[Tomcat].[localhost].[/]       : Initializing Spring embedded WebApplicationContext
2025-09-22T22:06:37.937+02:00  INFO 15340 --- [exercises] [    Test worker] w.s.c.ServletWebServerApplicationContext : Root WebApplicationContext: initialization completed in 706 ms
2025-09-22T22:06:38.434+02:00  INFO 15340 --- [exercises] [    Test worker] o.s.b.w.embedded.tomcat.TomcatWebServer  : Tomcat started on port 63055 (http) with context path '/'
2025-09-22T22:06:38.438+02:00  INFO 15340 --- [exercises] [    Test worker] DAT250.exercises.PollControllerTest      : Started PollControllerTest in 1.265 seconds (process running for 7.074)
2025-09-22T22:06:38.768+02:00  INFO 15340 --- [exercises] [0-auto-1-exec-1] o.a.c.c.C.[Tomcat].[localhost].[/]       : Initializing Spring DispatcherServlet 'dispatcherServlet'
2025-09-22T22:06:38.768+02:00  INFO 15340 --- [exercises] [0-auto-1-exec-1] o.s.web.servlet.DispatcherServlet        : Initializing Servlet 'dispatcherServlet'
2025-09-22T22:06:38.769+02:00  INFO 15340 --- [exercises] [0-auto-1-exec-1] o.s.web.servlet.DispatcherServlet        : Completed initialization in 1 ms
]]></system-out>
  <system-err><![CDATA[]]></system-err>
</testsuite>
