<?xml version="1.0" encoding="UTF-8"?>
<testsuite name="DAT250.exercises.ExercisesApplicationTests" tests="1" skipped="0" failures="0" errors="0" timestamp="2025-09-22T20:06:36.128Z" hostname="DESKTOP-VMCCLI4" time="1.018">
  <properties/>
  <testcase name="contextLoads()" classname="DAT250.exercises.ExercisesApplicationTests" time="1.018"/>
  <system-out><![CDATA[22:06:33.159 [Test worker] INFO org.springframework.test.context.support.AnnotationConfigContextLoaderUtils -- Could not detect default configuration classes for test class [DAT250.exercises.ExercisesApplicationTests]: ExercisesApplicationTests does not declare any static, non-private, non-final, nested classes annotated with @Configuration.
22:06:33.424 [Test worker] INFO org.springframework.boot.test.context.SpringBootTestContextBootstrapper -- Found @SpringBootConfiguration DAT250.exercises.ExercisesApplication for test class DAT250.exercises.ExercisesApplicationTests

  .   ____          _            __ _ _
 /\\ / ___'_ __ _ _(_)_ __  __ _ \ \ \ \
( ( )\___ | '_ | '_| | '_ \/ _` | \ \ \ \
 \\/  ___)| |_)| | | | | || (_| |  ) ) ) )
  '  |____| .__|_| |_|_| |_\__, | / / / /
 =========|_|==============|___/=/_/_/_/

 :: Spring Boot ::                (v3.5.5)

2025-09-22T22:06:34.227+02:00  INFO 15340 --- [exercises] [    Test worker] D.exercises.ExercisesApplicationTests    : Starting ExercisesApplicationTests using Java 21.0.7 with PID 15340 (started by GQ in C:\Users\GQ\Documents\HVL\DAT250\exercise4)
2025-09-22T22:06:34.230+02:00  INFO 15340 --- [exercises] [    Test worker] D.exercises.ExercisesApplicationTests    : No active profile set, falling back to 1 default profile: "default"
2025-09-22T22:06:36.103+02:00  INFO 15340 --- [exercises] [    Test worker] D.exercises.ExercisesApplicationTests    : Started ExercisesApplicationTests in 2.372 seconds (process running for 4.739)
]]></system-out>
  <system-err><![CDATA[Mockito is currently self-attaching to enable the inline-mock-maker. This will no longer work in future releases of the JDK. Please add Mockito as an agent to your build as described in Mockito's documentation: https://javadoc.io/doc/org.mockito/mockito-core/latest/org.mockito/org/mockito/Mockito.html#0.3
WARNING: A Java agent has been loaded dynamically (C:\Users\GQ\.gradle\caches\modules-2\files-2.1\net.bytebuddy\byte-buddy-agent\1.17.7\fbf3d6d649ed37fc9e9c59480a05be0a26e3c2da\byte-buddy-agent-1.17.7.jar)
WARNING: If a serviceability tool is in use, please run with -XX:+EnableDynamicAgentLoading to hide this warning
WARNING: If a serviceability tool is not in use, please run with -Djdk.instrument.traceUsage for more information
WARNING: Dynamic loading of agents will be disallowed by default in a future release
]]></system-err>
</testsuite>
